   SW   perc perc perc  query      position in query     matching                  repeat        position in repeat
score   div. del. ins.  sequence   begin end    (left)   repeat                    class/family begin  end    (left)  ID

  233   25.4  0.0  0.0  fungal_18   1073  1139 (12697) + blumeria_Grouper_23559_3  Unknown       1520   1586  (142)   1  
  353   27.5  1.3  0.0  fungal_18   1224  1317 (12519) + blumeria_Grouper_21070_3  Unknown        511    593  (795)   2  
 1643   22.0  3.6  1.1  fungal_18   1321  1696 (12140) C blumeria_Piler_266.31_4   Unknown        (9)    386      1   3  
 2575   19.8  2.4  5.7  fungal_18   1704  2297 (11539) + blumeria_Grouper_24008_6  Unknown         95    668 (1149)   4  
  892   22.3  1.4  1.4  fungal_18   2111  2319 (11517) C blumeria_Grouper_21889_3  Unknown        (8)   1479   1271   5 *
  229   31.1  0.0  3.2  fungal_18   2635  2662 (11174) C blumeria_Grouper_28830_3  LTR/comp    (5517)    225    140   6  
  232   23.7  0.0  3.3  fungal_18   2663  2723 (11113) + blumeria_Grouper_15628_3  Unknown         27     85  (867)   7  
  767    4.4  0.0  0.0  fungal_18   2751  2840 (10996) C blumeria_Grouper_27110_3  LINE/uncomp (2755)     95      6   8  
  411   24.1  2.7  1.8  fungal_18   2850  2959 (10877) C blumeria_Grouper_28830_3  LTR/comp     (113)   5629   5519   9  
 1054   27.4  0.6  4.2  fungal_18   3033  3387 (10449) + blumeria_Grouper_1016_3   Unknown         49    390    (7)  10  
 3201   24.1  3.8  0.4  fungal_18   3411  4140  (9696) C blumeria_Recon_735_17     LINE/uncomp  (220)   2299   1544  11  
  543   15.0  1.4  0.0  fungal_18   4133  4228  (9608) + blumeria_Recon_1691_5     Unknown        208    283   (63)  12 *
  742    6.6  0.0  0.0  fungal_18   4524  4614  (9222) C blumeria_Piler_294.4_3    Unknown       (12)    518    428  13  
  369   13.2  0.0  1.4  fungal_18   4620  4688  (9148) + blumeria_Recon_2904_15    Unknown       5370   5437  (386)  14 *
 1450   13.2  2.3  0.9  fungal_18   4632  4973  (8863) C blumeria_Recon_2382_3     Unknown        (0)    367    171  15 *
 7942    7.2  1.4  0.0  fungal_18   4684  5707  (8129) + blumeria_Grouper_16796_6  Unknown          1   1038    (0)  16  
 1225   20.6  4.0  0.7  fungal_18   5464  5752  (8084) C blumeria_Recon_253_7      Unknown        (0)   3014   2716  17 *
  572    1.6  0.0  0.0  fungal_18   5713  5775  (8061) + blumeria_Piler_242.51_4   Unknown        184    246  (133)  18 *
  501   12.2  5.8  0.0  fungal_18   5762  5843  (7993) + blumeria_Recon_2952_4     Unknown        878    964  (777)  19 *
 9622    2.2  1.9  0.2  fungal_18   5773  6872  (6964) C blumeria_Piler_0.82_20    Unknown       (97)   1258    140  20  
  868   14.9  0.7  0.0  fungal_18   6867  7007  (6829) + blumeria_Piler_242.51_4   Unknown        233    374    (5)  21 *
  364   17.6  2.6  1.3  fungal_18   7213  7287  (6549) C blumeria_Recon_2611_7     Unknown      (204)   5179   5104  22  
 1290    0.7  0.0  0.0  fungal_18   9846  9990  (3846) C blumeria_Grouper_15244_13 LINE/uncomp  (783)    145      1  23  
  405   21.6  2.5  5.7  fungal_18   9848 10027  (3809) C blumeria_Grouper_14563_4  Unknown      (587)    195      5  24 *
  966   21.3  5.2  0.4  fungal_18  13225 13460   (376) C blumeria_Recon_1213_6     Unknown     (4265)    903    656  25 *
 3416   14.1  5.6  0.2  fungal_18  13283 13836     (0) + blumeria_Piler_48.63_8    Unknown         38    623   (35)  26  
